<?xml version="1.0" encoding="UTF-8"?>
<testng-results ignored="0" total="4" passed="3" failed="1" skipped="0">
  <reporter-output>
    <line>
      <![CDATA[This Method is Failed and taken screenshot :invalidLogin_TC]]>
    </line>
    <line>
      <![CDATA[This Method is Failed and taken screenshot :invalidLogin_TC]]>
    </line>
    <line>
      <![CDATA[This Method is Failed and taken screenshot :invalidLogin_TC]]>
    </line>
  </reporter-output>
  <suite started-at="2024-04-09T06:22:43Z" name="Suite" finished-at="2024-04-09T06:23:18Z" duration-ms="35753">
    <groups>
    </groups>
    <test started-at="2024-04-09T06:22:43Z" name="Test1" finished-at="2024-04-09T06:23:18Z" duration-ms="35753">
      <class name="Test_Package.InvalidLoginTestCase">
        <test-method is-config="true" signature="setUp()[pri:0, instance:Test_Package.InvalidLoginTestCase@6cc558c6]" started-at="2024-04-09T06:22:43Z" name="setUp" finished-at="2024-04-09T06:22:46Z" duration-ms="2872" status="PASS">
          <reporter-output>
          </reporter-output>
        </test-method> <!-- setUp -->
        <test-method signature="invalidLogin_TC()[pri:0, instance:Test_Package.InvalidLoginTestCase@6cc558c6]" started-at="2024-04-09T06:22:46Z" name="invalidLogin_TC" finished-at="2024-04-09T06:22:47Z" duration-ms="1049" status="FAIL">
          <exception class="org.openqa.selenium.StaleElementReferenceException">
            <message>
              <![CDATA[stale element reference: stale element not found
  (Session info: chrome=123.0.6312.106)
For documentation on this error, please visit: https://www.selenium.dev/documentation/webdriver/troubleshooting/errors#stale-element-reference-exception
Build info: version: '4.16.0', revision: '15400459dd*'
System info: os.name: 'Windows 11', os.arch: 'amd64', os.version: '10.0', java.version: '17.0.9'
Driver info: org.openqa.selenium.chrome.ChromeDriver
Command: [efbbc4557d1b51c147e8a04882f7a0ac, clickElement {id=f.2116DD4172536D6A1532935360934488.d.553B55C5E19E8AF2EEA77254DE7492C4.e.31}]
Capabilities {acceptInsecureCerts: false, browserName: chrome, browserVersion: 123.0.6312.106, chrome: {chromedriverVersion: 123.0.6312.105 (399174dbe6e..., userDataDir: C:\Users\karis\AppData\Loca...}, fedcm:accounts: true, goog:chromeOptions: {debuggerAddress: localhost:58459}, networkConnectionEnabled: false, pageLoadStrategy: normal, platformName: windows, proxy: Proxy(), se:cdp: ws://localhost:58459/devtoo..., se:cdpVersion: 123.0.6312.106, setWindowRect: true, strictFileInteractability: false, timeouts: {implicit: 0, pageLoad: 300000, script: 30000}, unhandledPromptBehavior: dismiss and notify, webauthn:extension:credBlob: true, webauthn:extension:largeBlob: true, webauthn:extension:minPinLength: true, webauthn:extension:prf: true, webauthn:virtualAuthenticators: true}
Element: [[ChromeDriver: chrome on windows (efbbc4557d1b51c147e8a04882f7a0ac)] -> id: loginButton]
Session ID: efbbc4557d1b51c147e8a04882f7a0ac]]>
            </message>
            <full-stacktrace>
              <![CDATA[org.openqa.selenium.StaleElementReferenceException: stale element reference: stale element not found
  (Session info: chrome=123.0.6312.106)
For documentation on this error, please visit: https://www.selenium.dev/documentation/webdriver/troubleshooting/errors#stale-element-reference-exception
Build info: version: '4.16.0', revision: '15400459dd*'
System info: os.name: 'Windows 11', os.arch: 'amd64', os.version: '10.0', java.version: '17.0.9'
Driver info: org.openqa.selenium.chrome.ChromeDriver
Command: [efbbc4557d1b51c147e8a04882f7a0ac, clickElement {id=f.2116DD4172536D6A1532935360934488.d.553B55C5E19E8AF2EEA77254DE7492C4.e.31}]
Capabilities {acceptInsecureCerts: false, browserName: chrome, browserVersion: 123.0.6312.106, chrome: {chromedriverVersion: 123.0.6312.105 (399174dbe6e..., userDataDir: C:\Users\karis\AppData\Loca...}, fedcm:accounts: true, goog:chromeOptions: {debuggerAddress: localhost:58459}, networkConnectionEnabled: false, pageLoadStrategy: normal, platformName: windows, proxy: Proxy(), se:cdp: ws://localhost:58459/devtoo..., se:cdpVersion: 123.0.6312.106, setWindowRect: true, strictFileInteractability: false, timeouts: {implicit: 0, pageLoad: 300000, script: 30000}, unhandledPromptBehavior: dismiss and notify, webauthn:extension:credBlob: true, webauthn:extension:largeBlob: true, webauthn:extension:minPinLength: true, webauthn:extension:prf: true, webauthn:virtualAuthenticators: true}
Element: [[ChromeDriver: chrome on windows (efbbc4557d1b51c147e8a04882f7a0ac)] -> id: loginButton]
Session ID: efbbc4557d1b51c147e8a04882f7a0ac
at java.base/jdk.internal.reflect.NativeConstructorAccessorImpl.newInstance0(Native Method)
at java.base/jdk.internal.reflect.NativeConstructorAccessorImpl.newInstance(NativeConstructorAccessorImpl.java:77)
at java.base/jdk.internal.reflect.DelegatingConstructorAccessorImpl.newInstance(DelegatingConstructorAccessorImpl.java:45)
at java.base/java.lang.reflect.Constructor.newInstanceWithCaller(Constructor.java:499)
at java.base/java.lang.reflect.Constructor.newInstance(Constructor.java:480)
at org.openqa.selenium.remote.codec.w3c.W3CHttpResponseCodec.createException(W3CHttpResponseCodec.java:200)
at org.openqa.selenium.remote.codec.w3c.W3CHttpResponseCodec.decode(W3CHttpResponseCodec.java:133)
at org.openqa.selenium.remote.codec.w3c.W3CHttpResponseCodec.decode(W3CHttpResponseCodec.java:52)
at org.openqa.selenium.remote.HttpCommandExecutor.execute(HttpCommandExecutor.java:191)
at org.openqa.selenium.remote.service.DriverCommandExecutor.invokeExecute(DriverCommandExecutor.java:200)
at org.openqa.selenium.remote.service.DriverCommandExecutor.execute(DriverCommandExecutor.java:175)
at org.openqa.selenium.remote.RemoteWebDriver.execute(RemoteWebDriver.java:523)
at org.openqa.selenium.remote.RemoteWebElement.execute(RemoteWebElement.java:224)
at org.openqa.selenium.remote.RemoteWebElement.click(RemoteWebElement.java:77)
at java.base/jdk.internal.reflect.NativeMethodAccessorImpl.invoke0(Native Method)
at java.base/jdk.internal.reflect.NativeMethodAccessorImpl.invoke(NativeMethodAccessorImpl.java:77)
at java.base/jdk.internal.reflect.DelegatingMethodAccessorImpl.invoke(DelegatingMethodAccessorImpl.java:43)
at java.base/java.lang.reflect.Method.invoke(Method.java:568)
at org.openqa.selenium.support.pagefactory.internal.LocatingElementHandler.invoke(LocatingElementHandler.java:51)
at jdk.proxy2/jdk.proxy2.$Proxy14.click(Unknown Source)
at Page_Package.LoginPage.invalidloginMethod(LoginPage.java:65)
at Test_Package.InvalidLoginTestCase.invalidLogin_TC(InvalidLoginTestCase.java:37)
at java.base/jdk.internal.reflect.NativeMethodAccessorImpl.invoke0(Native Method)
at java.base/jdk.internal.reflect.NativeMethodAccessorImpl.invoke(NativeMethodAccessorImpl.java:77)
at java.base/jdk.internal.reflect.DelegatingMethodAccessorImpl.invoke(DelegatingMethodAccessorImpl.java:43)
at java.base/java.lang.reflect.Method.invoke(Method.java:568)
at org.testng.internal.MethodInvocationHelper.invokeMethod(MethodInvocationHelper.java:124)
at org.testng.internal.Invoker.invokeMethod(Invoker.java:583)
at org.testng.internal.Invoker.invokeTestMethod(Invoker.java:719)
at org.testng.internal.Invoker.invokeTestMethods(Invoker.java:989)
at org.testng.internal.TestMethodWorker.invokeTestMethods(TestMethodWorker.java:125)
at org.testng.internal.TestMethodWorker.run(TestMethodWorker.java:109)
at org.testng.TestRunner.privateRun(TestRunner.java:648)
at org.testng.TestRunner.run(TestRunner.java:505)
at org.testng.SuiteRunner.runTest(SuiteRunner.java:455)
at org.testng.SuiteRunner.access$000(SuiteRunner.java:40)
at org.testng.SuiteRunner$SuiteWorker.run(SuiteRunner.java:489)
at org.testng.internal.thread.ThreadUtil$1.call(ThreadUtil.java:52)
at java.base/java.util.concurrent.FutureTask.run(FutureTask.java:264)
at java.base/java.util.concurrent.ThreadPoolExecutor.runWorker(ThreadPoolExecutor.java:1136)
at java.base/java.util.concurrent.ThreadPoolExecutor$Worker.run(ThreadPoolExecutor.java:635)
at java.base/java.lang.Thread.run(Thread.java:840)
]]>
            </full-stacktrace>
          </exception> <!-- org.openqa.selenium.StaleElementReferenceException -->
          <reporter-output>
            <line>
              <![CDATA[This Method is Failed and taken screenshot :invalidLogin_TC]]>
            </line>
          </reporter-output>
        </test-method> <!-- invalidLogin_TC -->
        <test-method is-config="true" signature="tearDown()[pri:0, instance:Test_Package.InvalidLoginTestCase@6cc558c6]" started-at="2024-04-09T06:22:47Z" name="tearDown" finished-at="2024-04-09T06:22:47Z" duration-ms="302" status="PASS">
          <reporter-output>
          </reporter-output>
        </test-method> <!-- tearDown -->
      </class> <!-- Test_Package.InvalidLoginTestCase -->
      <class name="Test_Package.CreateNewCustomerAndProject">
        <test-method is-config="true" signature="setUp()[pri:0, instance:Test_Package.CreateNewCustomerAndProject@63f259c3]" started-at="2024-04-09T06:22:58Z" name="setUp" finished-at="2024-04-09T06:23:00Z" duration-ms="1617" status="PASS">
          <reporter-output>
          </reporter-output>
        </test-method> <!-- setUp -->
        <test-method signature="createNewCustomerAndProject_TC()[pri:0, instance:Test_Package.CreateNewCustomerAndProject@63f259c3]" started-at="2024-04-09T06:23:00Z" name="createNewCustomerAndProject_TC" finished-at="2024-04-09T06:23:12Z" duration-ms="12422" status="PASS">
          <reporter-output>
          </reporter-output>
        </test-method> <!-- createNewCustomerAndProject_TC -->
        <test-method is-config="true" signature="tearDown()[pri:0, instance:Test_Package.CreateNewCustomerAndProject@63f259c3]" started-at="2024-04-09T06:23:12Z" name="tearDown" finished-at="2024-04-09T06:23:12Z" duration-ms="298" status="PASS">
          <reporter-output>
          </reporter-output>
        </test-method> <!-- tearDown -->
      </class> <!-- Test_Package.CreateNewCustomerAndProject -->
      <class name="Test_Package.CreateUserManager">
        <test-method is-config="true" signature="setUp()[pri:0, instance:Test_Package.CreateUserManager@15713d56]" started-at="2024-04-09T06:22:47Z" name="setUp" finished-at="2024-04-09T06:22:49Z" duration-ms="1381" status="PASS">
          <reporter-output>
          </reporter-output>
        </test-method> <!-- setUp -->
        <test-method signature="createUserManager()[pri:0, instance:Test_Package.CreateUserManager@15713d56]" started-at="2024-04-09T06:22:49Z" name="createUserManager" finished-at="2024-04-09T06:22:58Z" duration-ms="9179" status="PASS">
          <reporter-output>
          </reporter-output>
        </test-method> <!-- createUserManager -->
        <test-method is-config="true" signature="tearDown()[pri:0, instance:Test_Package.CreateUserManager@15713d56]" started-at="2024-04-09T06:22:58Z" name="tearDown" finished-at="2024-04-09T06:22:58Z" duration-ms="310" status="PASS">
          <reporter-output>
          </reporter-output>
        </test-method> <!-- tearDown -->
      </class> <!-- Test_Package.CreateUserManager -->
      <class name="Test_Package.ValidtestCase">
        <test-method is-config="true" signature="setUp()[pri:0, instance:Test_Package.ValidtestCase@26ceffa8]" started-at="2024-04-09T06:23:12Z" name="setUp" finished-at="2024-04-09T06:23:14Z" duration-ms="1583" status="PASS">
          <reporter-output>
          </reporter-output>
        </test-method> <!-- setUp -->
        <test-method signature="validLogin_TC()[pri:0, instance:Test_Package.ValidtestCase@26ceffa8]" started-at="2024-04-09T06:23:14Z" name="validLogin_TC" finished-at="2024-04-09T06:23:18Z" duration-ms="4319" status="PASS">
          <reporter-output>
          </reporter-output>
        </test-method> <!-- validLogin_TC -->
        <test-method is-config="true" signature="tearDown()[pri:0, instance:Test_Package.ValidtestCase@26ceffa8]" started-at="2024-04-09T06:23:18Z" name="tearDown" finished-at="2024-04-09T06:23:18Z" duration-ms="183" status="PASS">
          <reporter-output>
          </reporter-output>
        </test-method> <!-- tearDown -->
      </class> <!-- Test_Package.ValidtestCase -->
    </test> <!-- Test1 -->
  </suite> <!-- Suite -->
</testng-results>
