<?xml version="1.0" encoding="UTF-8"?>
<testng-results ignored="0" total="4" passed="4" failed="0" skipped="0">
  <reporter-output>
  </reporter-output>
  <suite started-at="2024-03-24T04:58:28Z" name="Suite" finished-at="2024-03-24T04:59:05Z" duration-ms="36943">
    <groups>
    </groups>
    <test started-at="2024-03-24T04:58:28Z" name="Test" finished-at="2024-03-24T04:59:05Z" duration-ms="36943">
      <class name="Test_Package.InvalidLoginTestCase">
        <test-method is-config="true" signature="setUp()[pri:0, instance:Test_Package.InvalidLoginTestCase@6cc558c6]" started-at="2024-03-24T04:58:28Z" name="setUp" finished-at="2024-03-24T04:58:32Z" duration-ms="3586" status="PASS">
          <reporter-output>
          </reporter-output>
        </test-method> <!-- setUp -->
        <test-method signature="invalidLogin_TC()[pri:0, instance:Test_Package.InvalidLoginTestCase@6cc558c6]" started-at="2024-03-24T04:58:32Z" name="invalidLogin_TC" finished-at="2024-03-24T04:58:34Z" duration-ms="2316" status="PASS">
          <reporter-output>
          </reporter-output>
        </test-method> <!-- invalidLogin_TC -->
        <test-method is-config="true" signature="tearDown()[pri:0, instance:Test_Package.InvalidLoginTestCase@6cc558c6]" started-at="2024-03-24T04:58:34Z" name="tearDown" finished-at="2024-03-24T04:58:34Z" duration-ms="219" status="PASS">
          <reporter-output>
          </reporter-output>
        </test-method> <!-- tearDown -->
      </class> <!-- Test_Package.InvalidLoginTestCase -->
      <class name="Test_Package.CreateNewCustomerAndProject">
        <test-method is-config="true" signature="setUp()[pri:0, instance:Test_Package.CreateNewCustomerAndProject@26ceffa8]" started-at="2024-03-24T04:58:51Z" name="setUp" finished-at="2024-03-24T04:58:53Z" duration-ms="1469" status="PASS">
          <reporter-output>
          </reporter-output>
        </test-method> <!-- setUp -->
        <test-method signature="createNewCustomerAndProject_TC()[pri:0, instance:Test_Package.CreateNewCustomerAndProject@26ceffa8]" started-at="2024-03-24T04:58:53Z" name="createNewCustomerAndProject_TC" finished-at="2024-03-24T04:59:05Z" duration-ms="12182" status="PASS">
          <reporter-output>
          </reporter-output>
        </test-method> <!-- createNewCustomerAndProject_TC -->
        <test-method is-config="true" signature="tearDown()[pri:0, instance:Test_Package.CreateNewCustomerAndProject@26ceffa8]" started-at="2024-03-24T04:59:05Z" name="tearDown" finished-at="2024-03-24T04:59:05Z" duration-ms="332" status="PASS">
          <reporter-output>
          </reporter-output>
        </test-method> <!-- tearDown -->
      </class> <!-- Test_Package.CreateNewCustomerAndProject -->
      <class name="Test_Package.CreateUserManager">
        <test-method is-config="true" signature="setUp()[pri:0, instance:Test_Package.CreateUserManager@63f259c3]" started-at="2024-03-24T04:58:40Z" name="setUp" finished-at="2024-03-24T04:58:42Z" duration-ms="1461" status="PASS">
          <reporter-output>
          </reporter-output>
        </test-method> <!-- setUp -->
        <test-method signature="createUserManager()[pri:0, instance:Test_Package.CreateUserManager@63f259c3]" started-at="2024-03-24T04:58:42Z" name="createUserManager" finished-at="2024-03-24T04:58:51Z" duration-ms="9113" status="PASS">
          <reporter-output>
          </reporter-output>
        </test-method> <!-- createUserManager -->
        <test-method is-config="true" signature="tearDown()[pri:0, instance:Test_Package.CreateUserManager@63f259c3]" started-at="2024-03-24T04:58:51Z" name="tearDown" finished-at="2024-03-24T04:58:51Z" duration-ms="264" status="PASS">
          <reporter-output>
          </reporter-output>
        </test-method> <!-- tearDown -->
      </class> <!-- Test_Package.CreateUserManager -->
      <class name="Test_Package.ValidtestCase">
        <test-method is-config="true" signature="setUp()[pri:0, instance:Test_Package.ValidtestCase@15713d56]" started-at="2024-03-24T04:58:34Z" name="setUp" finished-at="2024-03-24T04:58:36Z" duration-ms="1433" status="PASS">
          <reporter-output>
          </reporter-output>
        </test-method> <!-- setUp -->
        <test-method signature="validLogin_TC()[pri:0, instance:Test_Package.ValidtestCase@15713d56]" started-at="2024-03-24T04:58:36Z" name="validLogin_TC" finished-at="2024-03-24T04:58:40Z" duration-ms="4316" status="PASS">
          <reporter-output>
          </reporter-output>
        </test-method> <!-- validLogin_TC -->
        <test-method is-config="true" signature="tearDown()[pri:0, instance:Test_Package.ValidtestCase@15713d56]" started-at="2024-03-24T04:58:40Z" name="tearDown" finished-at="2024-03-24T04:58:40Z" duration-ms="217" status="PASS">
          <reporter-output>
          </reporter-output>
        </test-method> <!-- tearDown -->
      </class> <!-- Test_Package.ValidtestCase -->
    </test> <!-- Test -->
  </suite> <!-- Suite -->
</testng-results>
