<?xml version="1.0" encoding="UTF-8"?>
<!-- Generated by org.testng.reporters.JUnitXMLReporter -->
<testsuite ignored="0" hostname="Mohasin" failures="0" tests="4" name="Test" time="36.814" errors="0" timestamp="09 Apr 2024 06:20:53 GMT">
  <testcase classname="Test_Package.InvalidLoginTestCase" name="invalidLogin_TC" time="2.124"/>
  <testcase classname="Test_Package.CreateUserManager" name="createUserManager" time="9.043"/>
  <testcase classname="Test_Package.CreateNewCustomerAndProject" name="createNewCustomerAndProject_TC" time="12.412"/>
  <testcase classname="Test_Package.ValidtestCase" name="validLogin_TC" time="4.289"/>
</testsuite> <!-- Test -->
