<?xml version="1.0" encoding="UTF-8"?>
<!-- Generated by org.testng.reporters.JUnitXMLReporter -->
<testsuite ignored="0" hostname="Mohasin" failures="0" tests="4" name="Test" time="36.943" errors="0" timestamp="24 Mar 2024 04:59:05 GMT">
  <testcase classname="Test_Package.InvalidLoginTestCase" name="invalidLogin_TC" time="2.316"/>
  <testcase classname="Test_Package.ValidtestCase" name="validLogin_TC" time="4.316"/>
  <testcase classname="Test_Package.CreateUserManager" name="createUserManager" time="9.113"/>
  <testcase classname="Test_Package.CreateNewCustomerAndProject" name="createNewCustomerAndProject_TC" time="12.182"/>
</testsuite> <!-- Test -->
