<?xml version="1.0" encoding="UTF-8"?>
<!-- Generated by org.testng.reporters.JUnitXMLReporter -->
<testsuite ignored="1" hostname="Mohasin" failures="0" tests="2" name="Test" time="20.301" errors="0" timestamp="15 Mar 2024 13:27:02 GMT">
  <testcase classname="TestNGExecution.demo1" name="demo" time="12.509"/>
  <testcase classname="TestNGExecution.demo2" name="demo" time="7.771"/>
  <testcase classname="TestNGExecution.demo3" name="demo" time="0.0">
    <ignored/>
  </testcase> <!-- demo -->
</testsuite> <!-- Test -->
