<?xml version="1.0" encoding="UTF-8"?>
<testng-results ignored="1" total="3" passed="2" failed="0" skipped="0">
  <reporter-output>
  </reporter-output>
  <suite started-at="2024-03-15T13:26:41Z" name="Suite" finished-at="2024-03-15T13:27:02Z" duration-ms="20301">
    <groups>
      <group name="Functional Test">
        <method signature="demo2.demo()[pri:0, instance:TestNGExecution.demo2@4f3bbf68]" name="demo" class="TestNGExecution.demo2"/>
      </group> <!-- Functional Test -->
      <group name="Smoke Test">
        <method signature="demo1.demo()[pri:0, instance:TestNGExecution.demo1@7164ca4c]" name="demo" class="TestNGExecution.demo1"/>
      </group> <!-- Smoke Test -->
    </groups>
    <test started-at="2024-03-15T13:26:41Z" name="Test" finished-at="2024-03-15T13:27:02Z" duration-ms="20301">
      <class name="TestNGExecution.demo1">
        <test-method signature="demo()[pri:0, instance:TestNGExecution.demo1@7164ca4c]" started-at="2024-03-15T13:26:41Z" name="demo" finished-at="2024-03-15T13:26:54Z" duration-ms="12509" status="PASS">
          <reporter-output>
          </reporter-output>
        </test-method> <!-- demo -->
      </class> <!-- TestNGExecution.demo1 -->
      <class name="TestNGExecution.demo2">
        <test-method signature="demo()[pri:0, instance:TestNGExecution.demo2@4f3bbf68]" started-at="2024-03-15T13:26:54Z" name="demo" finished-at="2024-03-15T13:27:02Z" duration-ms="7771" status="PASS">
          <reporter-output>
          </reporter-output>
        </test-method> <!-- demo -->
      </class> <!-- TestNGExecution.demo2 -->
    </test> <!-- Test -->
  </suite> <!-- Suite -->
</testng-results>
