<?xml version="1.0" encoding="UTF-8"?>
<!-- Generated by org.testng.reporters.JUnitXMLReporter -->
<testsuite ignored="0" hostname="Mohasin" failures="0" tests="5" name="Default test" time="41.607" errors="0" timestamp="15 Mar 2024 14:50:41 GMT">
  <testcase classname="LearnningTestNG.DataProviderByExcel" name="invalidLogin" time="9.546"/>
  <testcase classname="LearnningTestNG.DataProviderByExcel" name="invalidLogin" time="7.919"/>
  <testcase classname="LearnningTestNG.DataProviderByExcel" name="invalidLogin" time="7.838"/>
  <testcase classname="LearnningTestNG.DataProviderByExcel" name="invalidLogin" time="7.946"/>
  <testcase classname="LearnningTestNG.DataProviderByExcel" name="invalidLogin" time="7.701"/>
</testsuite> <!-- Default test -->
