<?xml version="1.0" encoding="UTF-8"?>
<!-- Generated by org.testng.reporters.JUnitXMLReporter -->
<testsuite ignored="0" hostname="Mohasin" failures="0" tests="3" name="Default test" time="0.043" errors="0" timestamp="12 Mar 2024 13:32:50 GMT">
  <testcase classname="LearnningTestNG.PriorityFlag" name="login" time="0.01"/>
  <testcase classname="LearnningTestNG.PriorityFlag" name="logout" time="0.002"/>
  <testcase classname="LearnningTestNG.PriorityFlag" name="addToCart" time="0.0"/>
</testsuite> <!-- Default test -->
